<html>
<head>
<title>TestNG:  chromeTest</title>
<link href="../testng.css" rel="stylesheet" type="text/css" />
<link href="../my-testng.css" rel="stylesheet" type="text/css" />

<style type="text/css">
.log { display: none;} 
.stack-trace { display: none;} 
</style>
<script type="text/javascript">
<!--
function flip(e) {
  current = e.style.display;
  if (current == 'block') {
    e.style.display = 'none';
    return 0;
  }
  else {
    e.style.display = 'block';
    return 1;
  }
}

function toggleBox(szDivId, elem, msg1, msg2)
{
  var res = -1;  if (document.getElementById) {
    res = flip(document.getElementById(szDivId));
  }
  else if (document.all) {
    // this is the way old msie versions work
    res = flip(document.all[szDivId]);
  }
  if(elem) {
    if(res == 0) elem.innerHTML = msg1; else elem.innerHTML = msg2;
  }

}

function toggleAllBoxes() {
  if (document.getElementsByTagName) {
    d = document.getElementsByTagName('div');
    for (i = 0; i < d.length; i++) {
      if (d[i].className == 'log') {
        flip(d[i]);
      }
    }
  }
}

// -->
</script>

</head>
<body>
<h2 align='center'>chromeTest</h2><table border='1' align="center">
<tr>
<td>Tests passed/Failed/Skipped:</td><td>13/1/0</td>
</tr><tr>
<td>Started on:</td><td>Tue Sep 29 11:19:46 IST 2020</td>
</tr>
<tr><td>Total time:</td><td>250 seconds (250772 ms)</td>
</tr><tr>
<td>Included groups:</td><td></td>
</tr><tr>
<td>Excluded groups:</td><td></td>
</tr>
</table><p/>
<small><i>(Hover the method name to see the test class name)</i></small><p/>
<table width='100%' border='1' class='invocation-failed'>
<tr><td colspan='4' align='center'><b>FAILED TESTS</b></td></tr>
<tr><td><b>Test method</b></td>
<td width="30%"><b>Exception</b></td>
<td width="10%"><b>Time (seconds)</b></td>
<td><b>Instance</b></td>
</tr>
<tr>
<td title='app.nopcommerce.testCases.TC_005_SearchCustomerByName.TC_005_searchCustomerbyName()'><b>TC_005_searchCustomerbyName</b><br>Test class: app.nopcommerce.testCases.TC_005_SearchCustomerByName</td>
<td><div><pre>java.lang.AssertionError: expected [true] but found [false]
	at app.nopcommerce.testCases.TC_005_SearchCustomerByName.TC_005_searchCustomerbyName(TC_005_SearchCustomerByName.java:46)
	at java.util.ArrayList.forEach(ArrayList.java:1257)
... Removed 31 stack frames</pre></div><a href='#' onClick='toggleBox("stack-trace1972628089", this, "Click to show all stack frames", "Click to hide stack frames")'>Click to show all stack frames</a>
<div class='stack-trace' id='stack-trace1972628089'><pre>java.lang.AssertionError: expected [true] but found [false]
	at org.testng.Assert.fail(Assert.java:97)
	at org.testng.Assert.failNotEquals(Assert.java:969)
	at org.testng.Assert.assertTrue(Assert.java:43)
	at org.testng.Assert.assertTrue(Assert.java:53)
	at app.nopcommerce.testCases.TC_005_SearchCustomerByName.TC_005_searchCustomerbyName(TC_005_SearchCustomerByName.java:46)
	at sun.reflect.NativeMethodAccessorImpl.invoke0(Native Method)
	at sun.reflect.NativeMethodAccessorImpl.invoke(NativeMethodAccessorImpl.java:62)
	at sun.reflect.DelegatingMethodAccessorImpl.invoke(DelegatingMethodAccessorImpl.java:43)
	at java.lang.reflect.Method.invoke(Method.java:498)
	at org.testng.internal.MethodInvocationHelper.invokeMethod(MethodInvocationHelper.java:134)
	at org.testng.internal.TestInvoker.invokeMethod(TestInvoker.java:597)
	at org.testng.internal.TestInvoker.invokeTestMethod(TestInvoker.java:173)
	at org.testng.internal.MethodRunner.runInSequence(MethodRunner.java:46)
	at org.testng.internal.TestInvoker$MethodInvocationAgent.invoke(TestInvoker.java:816)
	at org.testng.internal.TestInvoker.invokeTestMethods(TestInvoker.java:146)
	at org.testng.internal.TestMethodWorker.invokeTestMethods(TestMethodWorker.java:146)
	at org.testng.internal.TestMethodWorker.run(TestMethodWorker.java:128)
	at java.util.ArrayList.forEach(ArrayList.java:1257)
	at org.testng.TestRunner.privateRun(TestRunner.java:766)
	at org.testng.TestRunner.run(TestRunner.java:587)
	at org.testng.SuiteRunner.runTest(SuiteRunner.java:384)
	at org.testng.SuiteRunner.runSequentially(SuiteRunner.java:378)
	at org.testng.SuiteRunner.privateRun(SuiteRunner.java:337)
	at org.testng.SuiteRunner.run(SuiteRunner.java:286)
	at org.testng.SuiteRunnerWorker.runSuite(SuiteRunnerWorker.java:53)
	at org.testng.SuiteRunnerWorker.run(SuiteRunnerWorker.java:96)
	at org.testng.TestNG.runSuitesSequentially(TestNG.java:1187)
	at org.testng.TestNG.runSuitesLocally(TestNG.java:1109)
	at org.testng.TestNG.runSuites(TestNG.java:1039)
	at org.testng.TestNG.run(TestNG.java:1007)
	at org.testng.remote.AbstractRemoteTestNG.run(AbstractRemoteTestNG.java:115)
	at org.testng.remote.RemoteTestNG.initAndRun(RemoteTestNG.java:251)
	at org.testng.remote.RemoteTestNG.main(RemoteTestNG.java:77)
</pre></div></td>
<td>15</td>
<td>app.nopcommerce.testCases.TC_005_SearchCustomerByName@ba54932</td></tr>
</table><p>
<table width='100%' border='1' class='invocation-passed'>
<tr><td colspan='4' align='center'><b>PASSED TESTS</b></td></tr>
<tr><td><b>Test method</b></td>
<td width="30%"><b>Exception</b></td>
<td width="10%"><b>Time (seconds)</b></td>
<td><b>Instance</b></td>
</tr>
<tr>
<td title='app.nopcommerce.testCases.TC_001_LoginTest.TC_001_Login_Test()'><b>TC_001_Login_Test</b><br>Test class: app.nopcommerce.testCases.TC_001_LoginTest</td>
<td></td>
<td>8</td>
<td>app.nopcommerce.testCases.TC_001_LoginTest@11c9af63</td></tr>
<tr>
<td title='app.nopcommerce.testCases.TC_002_DataDrivenTest_Login_with_Fillo.TC_002_DataDrivenLogin_loguot_with_Fillo()'><b>TC_002_DataDrivenLogin_loguot_with_Fillo</b><br>Test class: app.nopcommerce.testCases.TC_002_DataDrivenTest_Login_with_Fillo</td>
<td></td>
<td>46</td>
<td>app.nopcommerce.testCases.TC_002_DataDrivenTest_Login_with_Fillo@757acd7b</td></tr>
<tr>
<td title='app.nopcommerce.testCases.TC_003_AddCustomerTest.TC_003_addNewCustomer()'><b>TC_003_addNewCustomer</b><br>Test class: app.nopcommerce.testCases.TC_003_AddCustomerTest</td>
<td></td>
<td>33</td>
<td>app.nopcommerce.testCases.TC_003_AddCustomerTest@36b4fe2a</td></tr>
<tr>
<td title='app.nopcommerce.testCases.TC_004_SearchCustomerByEmail.TC_004_searchCustomerbyEmail()'><b>TC_004_searchCustomerbyEmail</b><br>Test class: app.nopcommerce.testCases.TC_004_SearchCustomerByEmail</td>
<td></td>
<td>12</td>
<td>app.nopcommerce.testCases.TC_004_SearchCustomerByEmail@574b560f</td></tr>
<tr>
<td title='app.nopcommerce.testCases.TC_006_LoginDDT_with_Apachi_poi.TC_006_loginTest()'><b>TC_006_loginTest</b><br>Test class: app.nopcommerce.testCases.TC_006_LoginDDT_with_Apachi_poi<br>Parameters: admin@yourstore.com , admin, Pass</td>
<td></td>
<td>20</td>
<td>app.nopcommerce.testCases.TC_006_LoginDDT_with_Apachi_poi@28975c28</td></tr>
<tr>
<td title='app.nopcommerce.testCases.TC_006_LoginDDT_with_Apachi_poi.TC_006_loginTest()'><b>TC_006_loginTest</b><br>Test class: app.nopcommerce.testCases.TC_006_LoginDDT_with_Apachi_poi<br>Parameters: admin@yourstore.com , adm, Fail</td>
<td></td>
<td>7</td>
<td>app.nopcommerce.testCases.TC_006_LoginDDT_with_Apachi_poi@28975c28</td></tr>
<tr>
<td title='app.nopcommerce.testCases.TC_006_LoginDDT_with_Apachi_poi.TC_006_loginTest()'><b>TC_006_loginTest</b><br>Test class: app.nopcommerce.testCases.TC_006_LoginDDT_with_Apachi_poi<br>Parameters: adm@yourstore.com, admin, Fail</td>
<td></td>
<td>6</td>
<td>app.nopcommerce.testCases.TC_006_LoginDDT_with_Apachi_poi@28975c28</td></tr>
<tr>
<td title='app.nopcommerce.testCases.TC_006_LoginDDT_with_Apachi_poi.TC_006_loginTest()'><b>TC_006_loginTest</b><br>Test class: app.nopcommerce.testCases.TC_006_LoginDDT_with_Apachi_poi<br>Parameters: adm@yourstore.com, adm, Fail</td>
<td></td>
<td>6</td>
<td>app.nopcommerce.testCases.TC_006_LoginDDT_with_Apachi_poi@28975c28</td></tr>
<tr>
<td title='app.nopcommerce.testCases.TC_007_DataDrivenTestxls_with_Fillo_one_entry.TC_007_DataDrivenLogin_loguot_with_Fillo_one_entry()'><b>TC_007_DataDrivenLogin_loguot_with_Fillo_one_entry</b><br>Test class: app.nopcommerce.testCases.TC_007_DataDrivenTestxls_with_Fillo_one_entry</td>
<td></td>
<td>18</td>
<td>app.nopcommerce.testCases.TC_007_DataDrivenTestxls_with_Fillo_one_entry@3943a2be</td></tr>
<tr>
<td title='app.nopcommerce.testCases.TC_008_DataDrivenTest_Login_with_Fillo_Data_Provider.TC_008_dataDrivenTest_Login_with_Fillo_Data_Provider()'><b>TC_008_dataDrivenTest_Login_with_Fillo_Data_Provider</b><br>Test class: app.nopcommerce.testCases.TC_008_DataDrivenTest_Login_with_Fillo_Data_Provider<br>Parameters: admin@yourstore.com , admin, Pass</td>
<td></td>
<td>18</td>
<td>app.nopcommerce.testCases.TC_008_DataDrivenTest_Login_with_Fillo_Data_Provider@343570b7</td></tr>
<tr>
<td title='app.nopcommerce.testCases.TC_008_DataDrivenTest_Login_with_Fillo_Data_Provider.TC_008_dataDrivenTest_Login_with_Fillo_Data_Provider()'><b>TC_008_dataDrivenTest_Login_with_Fillo_Data_Provider</b><br>Test class: app.nopcommerce.testCases.TC_008_DataDrivenTest_Login_with_Fillo_Data_Provider<br>Parameters: admin@yourstore.com , adm, Fail</td>
<td></td>
<td>7</td>
<td>app.nopcommerce.testCases.TC_008_DataDrivenTest_Login_with_Fillo_Data_Provider@343570b7</td></tr>
<tr>
<td title='app.nopcommerce.testCases.TC_008_DataDrivenTest_Login_with_Fillo_Data_Provider.TC_008_dataDrivenTest_Login_with_Fillo_Data_Provider()'><b>TC_008_dataDrivenTest_Login_with_Fillo_Data_Provider</b><br>Test class: app.nopcommerce.testCases.TC_008_DataDrivenTest_Login_with_Fillo_Data_Provider<br>Parameters: adm@yourstore.com, admin, Fail</td>
<td></td>
<td>6</td>
<td>app.nopcommerce.testCases.TC_008_DataDrivenTest_Login_with_Fillo_Data_Provider@343570b7</td></tr>
<tr>
<td title='app.nopcommerce.testCases.TC_008_DataDrivenTest_Login_with_Fillo_Data_Provider.TC_008_dataDrivenTest_Login_with_Fillo_Data_Provider()'><b>TC_008_dataDrivenTest_Login_with_Fillo_Data_Provider</b><br>Test class: app.nopcommerce.testCases.TC_008_DataDrivenTest_Login_with_Fillo_Data_Provider<br>Parameters: adm@yourstore.com, adm, Fail</td>
<td></td>
<td>6</td>
<td>app.nopcommerce.testCases.TC_008_DataDrivenTest_Login_with_Fillo_Data_Provider@343570b7</td></tr>
</table><p>
</body>
</html>