<?xml version="1.0" encoding="UTF-8"?>
<!-- Generated by org.testng.reporters.JUnitXMLReporter -->
<testsuite hostname="Ashan" ignored="0" name="chromeTest" tests="14" failures="1" timestamp="2020-09-29T11:23:57 IST" time="250.772" errors="0">
  <testcase name="TC_001_Login_Test" time="8.87" classname="app.nopcommerce.testCases.TC_001_LoginTest"/>
  <testcase name="TC_002_DataDrivenLogin_loguot_with_Fillo" time="46.449" classname="app.nopcommerce.testCases.TC_002_DataDrivenTest_Login_with_Fillo"/>
  <testcase name="TC_003_addNewCustomer" time="33.08" classname="app.nopcommerce.testCases.TC_003_AddCustomerTest"/>
  <testcase name="TC_004_searchCustomerbyEmail" time="12.284" classname="app.nopcommerce.testCases.TC_004_SearchCustomerByEmail"/>
  <testcase name="TC_005_searchCustomerbyName" time="15.955" classname="app.nopcommerce.testCases.TC_005_SearchCustomerByName">
    <failure type="java.lang.AssertionError" message="expected [true] but found [false]">
      <![CDATA[java.lang.AssertionError: expected [true] but found [false]
at app.nopcommerce.testCases.TC_005_SearchCustomerByName.TC_005_searchCustomerbyName(TC_005_SearchCustomerByName.java:46)
at java.util.ArrayList.forEach(ArrayList.java:1257)
... Removed 31 stack frames]]>
    </failure>
  </testcase> <!-- TC_005_searchCustomerbyName -->
  <testcase name="TC_006_loginTest" time="20.088" classname="app.nopcommerce.testCases.TC_006_LoginDDT_with_Apachi_poi"/>
  <testcase name="TC_006_loginTest" time="7.174" classname="app.nopcommerce.testCases.TC_006_LoginDDT_with_Apachi_poi"/>
  <testcase name="TC_006_loginTest" time="6.955" classname="app.nopcommerce.testCases.TC_006_LoginDDT_with_Apachi_poi"/>
  <testcase name="TC_006_loginTest" time="6.993" classname="app.nopcommerce.testCases.TC_006_LoginDDT_with_Apachi_poi"/>
  <testcase name="TC_007_DataDrivenLogin_loguot_with_Fillo_one_entry" time="18.75" classname="app.nopcommerce.testCases.TC_007_DataDrivenTestxls_with_Fillo_one_entry"/>
  <testcase name="TC_008_dataDrivenTest_Login_with_Fillo_Data_Provider" time="18.512" classname="app.nopcommerce.testCases.TC_008_DataDrivenTest_Login_with_Fillo_Data_Provider"/>
  <testcase name="TC_008_dataDrivenTest_Login_with_Fillo_Data_Provider" time="7.105" classname="app.nopcommerce.testCases.TC_008_DataDrivenTest_Login_with_Fillo_Data_Provider"/>
  <testcase name="TC_008_dataDrivenTest_Login_with_Fillo_Data_Provider" time="6.981" classname="app.nopcommerce.testCases.TC_008_DataDrivenTest_Login_with_Fillo_Data_Provider"/>
  <testcase name="TC_008_dataDrivenTest_Login_with_Fillo_Data_Provider" time="6.988" classname="app.nopcommerce.testCases.TC_008_DataDrivenTest_Login_with_Fillo_Data_Provider"/>
</testsuite> <!-- chromeTest -->
