<?xml version="1.0" encoding="UTF-8"?>
<testng-results skipped="0" failed="1" ignored="0" total="14" passed="13">
  <reporter-output>
  </reporter-output>
  <suite name="nopCommerceApp" duration-ms="250772" started-at="2020-09-29T11:19:46 IST" finished-at="2020-09-29T11:23:57 IST">
    <groups>
    </groups>
    <test name="chromeTest" duration-ms="250772" started-at="2020-09-29T11:19:46 IST" finished-at="2020-09-29T11:23:57 IST">
      <class name="app.nopcommerce.testCases.TC_002_DataDrivenTest_Login_with_Fillo">
        <test-method status="PASS" signature="setup(java.lang.String)[pri:0, instance:app.nopcommerce.testCases.TC_002_DataDrivenTest_Login_with_Fillo@757acd7b]" name="setup" is-config="true" duration-ms="3310" started-at="2020-09-29T11:20:01 IST" finished-at="2020-09-29T11:20:04 IST">
          <params>
            <param index="0">
              <value>
                <![CDATA[chrome]]>
              </value>
            </param>
          </params>
          <reporter-output>
          </reporter-output>
        </test-method> <!-- setup -->
        <test-method status="PASS" signature="TC_002_DataDrivenLogin_loguot_with_Fillo()[pri:0, instance:app.nopcommerce.testCases.TC_002_DataDrivenTest_Login_with_Fillo@757acd7b]" name="TC_002_DataDrivenLogin_loguot_with_Fillo" duration-ms="46449" started-at="2020-09-29T11:20:04 IST" finished-at="2020-09-29T11:20:51 IST">
          <reporter-output>
          </reporter-output>
        </test-method> <!-- TC_002_DataDrivenLogin_loguot_with_Fillo -->
        <test-method status="PASS" signature="tearDown()[pri:0, instance:app.nopcommerce.testCases.TC_002_DataDrivenTest_Login_with_Fillo@757acd7b]" name="tearDown" is-config="true" duration-ms="681" started-at="2020-09-29T11:20:51 IST" finished-at="2020-09-29T11:20:51 IST">
          <reporter-output>
          </reporter-output>
        </test-method> <!-- tearDown -->
      </class> <!-- app.nopcommerce.testCases.TC_002_DataDrivenTest_Login_with_Fillo -->
      <class name="app.nopcommerce.testCases.TC_007_DataDrivenTestxls_with_Fillo_one_entry">
        <test-method status="PASS" signature="setup(java.lang.String)[pri:0, instance:app.nopcommerce.testCases.TC_007_DataDrivenTestxls_with_Fillo_one_entry@3943a2be]" name="setup" is-config="true" duration-ms="3424" started-at="2020-09-29T11:22:51 IST" finished-at="2020-09-29T11:22:54 IST">
          <params>
            <param index="0">
              <value>
                <![CDATA[chrome]]>
              </value>
            </param>
          </params>
          <reporter-output>
          </reporter-output>
        </test-method> <!-- setup -->
        <test-method status="PASS" signature="TC_007_DataDrivenLogin_loguot_with_Fillo_one_entry()[pri:0, instance:app.nopcommerce.testCases.TC_007_DataDrivenTestxls_with_Fillo_one_entry@3943a2be]" name="TC_007_DataDrivenLogin_loguot_with_Fillo_one_entry" duration-ms="18750" started-at="2020-09-29T11:22:54 IST" finished-at="2020-09-29T11:23:13 IST">
          <reporter-output>
          </reporter-output>
        </test-method> <!-- TC_007_DataDrivenLogin_loguot_with_Fillo_one_entry -->
        <test-method status="PASS" signature="tearDown()[pri:0, instance:app.nopcommerce.testCases.TC_007_DataDrivenTestxls_with_Fillo_one_entry@3943a2be]" name="tearDown" is-config="true" duration-ms="698" started-at="2020-09-29T11:23:13 IST" finished-at="2020-09-29T11:23:13 IST">
          <reporter-output>
          </reporter-output>
        </test-method> <!-- tearDown -->
      </class> <!-- app.nopcommerce.testCases.TC_007_DataDrivenTestxls_with_Fillo_one_entry -->
      <class name="app.nopcommerce.testCases.TC_001_LoginTest">
        <test-method status="PASS" signature="setup(java.lang.String)[pri:0, instance:app.nopcommerce.testCases.TC_001_LoginTest@11c9af63]" name="setup" is-config="true" duration-ms="4173" started-at="2020-09-29T11:19:47 IST" finished-at="2020-09-29T11:19:51 IST">
          <params>
            <param index="0">
              <value>
                <![CDATA[chrome]]>
              </value>
            </param>
          </params>
          <reporter-output>
          </reporter-output>
        </test-method> <!-- setup -->
        <test-method status="PASS" signature="TC_001_Login_Test()[pri:0, instance:app.nopcommerce.testCases.TC_001_LoginTest@11c9af63]" name="TC_001_Login_Test" duration-ms="8870" started-at="2020-09-29T11:19:51 IST" finished-at="2020-09-29T11:20:00 IST">
          <reporter-output>
          </reporter-output>
        </test-method> <!-- TC_001_Login_Test -->
        <test-method status="PASS" signature="tearDown()[pri:0, instance:app.nopcommerce.testCases.TC_001_LoginTest@11c9af63]" name="tearDown" is-config="true" duration-ms="1329" started-at="2020-09-29T11:20:00 IST" finished-at="2020-09-29T11:20:01 IST">
          <reporter-output>
          </reporter-output>
        </test-method> <!-- tearDown -->
      </class> <!-- app.nopcommerce.testCases.TC_001_LoginTest -->
      <class name="app.nopcommerce.testCases.TC_006_LoginDDT_with_Apachi_poi">
        <test-method status="PASS" signature="setup(java.lang.String)[pri:0, instance:app.nopcommerce.testCases.TC_006_LoginDDT_with_Apachi_poi@28975c28]" name="setup" is-config="true" duration-ms="3534" started-at="2020-09-29T11:22:05 IST" finished-at="2020-09-29T11:22:08 IST">
          <params>
            <param index="0">
              <value>
                <![CDATA[chrome]]>
              </value>
            </param>
          </params>
          <reporter-output>
          </reporter-output>
        </test-method> <!-- setup -->
        <test-method status="PASS" signature="TC_006_loginTest(java.lang.String, java.lang.String, java.lang.String)[pri:0, instance:app.nopcommerce.testCases.TC_006_LoginDDT_with_Apachi_poi@28975c28]" name="TC_006_loginTest" duration-ms="20088" started-at="2020-09-29T11:22:09 IST" data-provider="LoginData" finished-at="2020-09-29T11:22:29 IST">
          <params>
            <param index="0">
              <value>
                <![CDATA[admin@yourstore.com ]]>
              </value>
            </param>
            <param index="1">
              <value>
                <![CDATA[admin]]>
              </value>
            </param>
            <param index="2">
              <value>
                <![CDATA[Pass]]>
              </value>
            </param>
          </params>
          <reporter-output>
          </reporter-output>
        </test-method> <!-- TC_006_loginTest -->
        <test-method status="PASS" signature="TC_006_loginTest(java.lang.String, java.lang.String, java.lang.String)[pri:0, instance:app.nopcommerce.testCases.TC_006_LoginDDT_with_Apachi_poi@28975c28]" name="TC_006_loginTest" duration-ms="7174" started-at="2020-09-29T11:22:29 IST" data-provider="LoginData" finished-at="2020-09-29T11:22:36 IST">
          <params>
            <param index="0">
              <value>
                <![CDATA[admin@yourstore.com ]]>
              </value>
            </param>
            <param index="1">
              <value>
                <![CDATA[adm]]>
              </value>
            </param>
            <param index="2">
              <value>
                <![CDATA[Fail]]>
              </value>
            </param>
          </params>
          <reporter-output>
          </reporter-output>
        </test-method> <!-- TC_006_loginTest -->
        <test-method status="PASS" signature="TC_006_loginTest(java.lang.String, java.lang.String, java.lang.String)[pri:0, instance:app.nopcommerce.testCases.TC_006_LoginDDT_with_Apachi_poi@28975c28]" name="TC_006_loginTest" duration-ms="6955" started-at="2020-09-29T11:22:36 IST" data-provider="LoginData" finished-at="2020-09-29T11:22:43 IST">
          <params>
            <param index="0">
              <value>
                <![CDATA[adm@yourstore.com]]>
              </value>
            </param>
            <param index="1">
              <value>
                <![CDATA[admin]]>
              </value>
            </param>
            <param index="2">
              <value>
                <![CDATA[Fail]]>
              </value>
            </param>
          </params>
          <reporter-output>
          </reporter-output>
        </test-method> <!-- TC_006_loginTest -->
        <test-method status="PASS" signature="TC_006_loginTest(java.lang.String, java.lang.String, java.lang.String)[pri:0, instance:app.nopcommerce.testCases.TC_006_LoginDDT_with_Apachi_poi@28975c28]" name="TC_006_loginTest" duration-ms="6993" started-at="2020-09-29T11:22:43 IST" data-provider="LoginData" finished-at="2020-09-29T11:22:50 IST">
          <params>
            <param index="0">
              <value>
                <![CDATA[adm@yourstore.com]]>
              </value>
            </param>
            <param index="1">
              <value>
                <![CDATA[adm]]>
              </value>
            </param>
            <param index="2">
              <value>
                <![CDATA[Fail]]>
              </value>
            </param>
          </params>
          <reporter-output>
          </reporter-output>
        </test-method> <!-- TC_006_loginTest -->
        <test-method status="PASS" signature="tearDown()[pri:0, instance:app.nopcommerce.testCases.TC_006_LoginDDT_with_Apachi_poi@28975c28]" name="tearDown" is-config="true" duration-ms="678" started-at="2020-09-29T11:22:50 IST" finished-at="2020-09-29T11:22:51 IST">
          <reporter-output>
          </reporter-output>
        </test-method> <!-- tearDown -->
      </class> <!-- app.nopcommerce.testCases.TC_006_LoginDDT_with_Apachi_poi -->
      <class name="app.nopcommerce.testCases.TC_004_SearchCustomerByEmail">
        <test-method status="PASS" signature="setup(java.lang.String)[pri:0, instance:app.nopcommerce.testCases.TC_004_SearchCustomerByEmail@574b560f]" name="setup" is-config="true" duration-ms="3326" started-at="2020-09-29T11:21:28 IST" finished-at="2020-09-29T11:21:32 IST">
          <params>
            <param index="0">
              <value>
                <![CDATA[chrome]]>
              </value>
            </param>
          </params>
          <reporter-output>
          </reporter-output>
        </test-method> <!-- setup -->
        <test-method status="PASS" signature="TC_004_searchCustomerbyEmail()[pri:0, instance:app.nopcommerce.testCases.TC_004_SearchCustomerByEmail@574b560f]" name="TC_004_searchCustomerbyEmail" duration-ms="12284" started-at="2020-09-29T11:21:32 IST" finished-at="2020-09-29T11:21:44 IST">
          <reporter-output>
          </reporter-output>
        </test-method> <!-- TC_004_searchCustomerbyEmail -->
        <test-method status="PASS" signature="tearDown()[pri:0, instance:app.nopcommerce.testCases.TC_004_SearchCustomerByEmail@574b560f]" name="tearDown" is-config="true" duration-ms="641" started-at="2020-09-29T11:21:44 IST" finished-at="2020-09-29T11:21:45 IST">
          <reporter-output>
          </reporter-output>
        </test-method> <!-- tearDown -->
      </class> <!-- app.nopcommerce.testCases.TC_004_SearchCustomerByEmail -->
      <class name="app.nopcommerce.testCases.TC_005_SearchCustomerByName">
        <test-method status="PASS" signature="setup(java.lang.String)[pri:0, instance:app.nopcommerce.testCases.TC_005_SearchCustomerByName@ba54932]" name="setup" is-config="true" duration-ms="3266" started-at="2020-09-29T11:21:45 IST" finished-at="2020-09-29T11:21:48 IST">
          <params>
            <param index="0">
              <value>
                <![CDATA[chrome]]>
              </value>
            </param>
          </params>
          <reporter-output>
          </reporter-output>
        </test-method> <!-- setup -->
        <test-method status="FAIL" signature="TC_005_searchCustomerbyName()[pri:0, instance:app.nopcommerce.testCases.TC_005_SearchCustomerByName@ba54932]" name="TC_005_searchCustomerbyName" duration-ms="15955" started-at="2020-09-29T11:21:48 IST" finished-at="2020-09-29T11:22:04 IST">
          <exception class="java.lang.AssertionError">
            <message>
              <![CDATA[expected [true] but found [false]]]>
            </message>
            <full-stacktrace>
              <![CDATA[java.lang.AssertionError: expected [true] but found [false]
at org.testng.Assert.fail(Assert.java:97)
at org.testng.Assert.failNotEquals(Assert.java:969)
at org.testng.Assert.assertTrue(Assert.java:43)
at org.testng.Assert.assertTrue(Assert.java:53)
at app.nopcommerce.testCases.TC_005_SearchCustomerByName.TC_005_searchCustomerbyName(TC_005_SearchCustomerByName.java:46)
at sun.reflect.NativeMethodAccessorImpl.invoke0(Native Method)
at sun.reflect.NativeMethodAccessorImpl.invoke(NativeMethodAccessorImpl.java:62)
at sun.reflect.DelegatingMethodAccessorImpl.invoke(DelegatingMethodAccessorImpl.java:43)
at java.lang.reflect.Method.invoke(Method.java:498)
at org.testng.internal.MethodInvocationHelper.invokeMethod(MethodInvocationHelper.java:134)
at org.testng.internal.TestInvoker.invokeMethod(TestInvoker.java:597)
at org.testng.internal.TestInvoker.invokeTestMethod(TestInvoker.java:173)
at org.testng.internal.MethodRunner.runInSequence(MethodRunner.java:46)
at org.testng.internal.TestInvoker$MethodInvocationAgent.invoke(TestInvoker.java:816)
at org.testng.internal.TestInvoker.invokeTestMethods(TestInvoker.java:146)
at org.testng.internal.TestMethodWorker.invokeTestMethods(TestMethodWorker.java:146)
at org.testng.internal.TestMethodWorker.run(TestMethodWorker.java:128)
at java.util.ArrayList.forEach(ArrayList.java:1257)
at org.testng.TestRunner.privateRun(TestRunner.java:766)
at org.testng.TestRunner.run(TestRunner.java:587)
at org.testng.SuiteRunner.runTest(SuiteRunner.java:384)
at org.testng.SuiteRunner.runSequentially(SuiteRunner.java:378)
at org.testng.SuiteRunner.privateRun(SuiteRunner.java:337)
at org.testng.SuiteRunner.run(SuiteRunner.java:286)
at org.testng.SuiteRunnerWorker.runSuite(SuiteRunnerWorker.java:53)
at org.testng.SuiteRunnerWorker.run(SuiteRunnerWorker.java:96)
at org.testng.TestNG.runSuitesSequentially(TestNG.java:1187)
at org.testng.TestNG.runSuitesLocally(TestNG.java:1109)
at org.testng.TestNG.runSuites(TestNG.java:1039)
at org.testng.TestNG.run(TestNG.java:1007)
at org.testng.remote.AbstractRemoteTestNG.run(AbstractRemoteTestNG.java:115)
at org.testng.remote.RemoteTestNG.initAndRun(RemoteTestNG.java:251)
at org.testng.remote.RemoteTestNG.main(RemoteTestNG.java:77)
]]>
            </full-stacktrace>
          </exception> <!-- java.lang.AssertionError -->
          <reporter-output>
          </reporter-output>
        </test-method> <!-- TC_005_searchCustomerbyName -->
        <test-method status="PASS" signature="tearDown()[pri:0, instance:app.nopcommerce.testCases.TC_005_SearchCustomerByName@ba54932]" name="tearDown" is-config="true" duration-ms="590" started-at="2020-09-29T11:22:04 IST" finished-at="2020-09-29T11:22:05 IST">
          <reporter-output>
          </reporter-output>
        </test-method> <!-- tearDown -->
      </class> <!-- app.nopcommerce.testCases.TC_005_SearchCustomerByName -->
      <class name="app.nopcommerce.testCases.TC_003_AddCustomerTest">
        <test-method status="PASS" signature="setup(java.lang.String)[pri:0, instance:app.nopcommerce.testCases.TC_003_AddCustomerTest@36b4fe2a]" name="setup" is-config="true" duration-ms="3307" started-at="2020-09-29T11:20:51 IST" finished-at="2020-09-29T11:20:55 IST">
          <params>
            <param index="0">
              <value>
                <![CDATA[chrome]]>
              </value>
            </param>
          </params>
          <reporter-output>
          </reporter-output>
        </test-method> <!-- setup -->
        <test-method status="PASS" signature="TC_003_addNewCustomer()[pri:0, instance:app.nopcommerce.testCases.TC_003_AddCustomerTest@36b4fe2a]" name="TC_003_addNewCustomer" duration-ms="33080" started-at="2020-09-29T11:20:55 IST" finished-at="2020-09-29T11:21:28 IST">
          <reporter-output>
          </reporter-output>
        </test-method> <!-- TC_003_addNewCustomer -->
        <test-method status="PASS" signature="tearDown()[pri:0, instance:app.nopcommerce.testCases.TC_003_AddCustomerTest@36b4fe2a]" name="tearDown" is-config="true" duration-ms="661" started-at="2020-09-29T11:21:28 IST" finished-at="2020-09-29T11:21:28 IST">
          <reporter-output>
          </reporter-output>
        </test-method> <!-- tearDown -->
      </class> <!-- app.nopcommerce.testCases.TC_003_AddCustomerTest -->
      <class name="app.nopcommerce.testCases.TC_008_DataDrivenTest_Login_with_Fillo_Data_Provider">
        <test-method status="PASS" signature="setup(java.lang.String)[pri:0, instance:app.nopcommerce.testCases.TC_008_DataDrivenTest_Login_with_Fillo_Data_Provider@343570b7]" name="setup" is-config="true" duration-ms="3427" started-at="2020-09-29T11:23:13 IST" finished-at="2020-09-29T11:23:17 IST">
          <params>
            <param index="0">
              <value>
                <![CDATA[chrome]]>
              </value>
            </param>
          </params>
          <reporter-output>
          </reporter-output>
        </test-method> <!-- setup -->
        <test-method status="PASS" signature="TC_008_dataDrivenTest_Login_with_Fillo_Data_Provider(java.lang.String, java.lang.String, java.lang.String)[pri:0, instance:app.nopcommerce.testCases.TC_008_DataDrivenTest_Login_with_Fillo_Data_Provider@343570b7]" name="TC_008_dataDrivenTest_Login_with_Fillo_Data_Provider" duration-ms="18512" started-at="2020-09-29T11:23:17 IST" data-provider="LoginData" finished-at="2020-09-29T11:23:35 IST">
          <params>
            <param index="0">
              <value>
                <![CDATA[admin@yourstore.com ]]>
              </value>
            </param>
            <param index="1">
              <value>
                <![CDATA[admin]]>
              </value>
            </param>
            <param index="2">
              <value>
                <![CDATA[Pass]]>
              </value>
            </param>
          </params>
          <reporter-output>
          </reporter-output>
        </test-method> <!-- TC_008_dataDrivenTest_Login_with_Fillo_Data_Provider -->
        <test-method status="PASS" signature="TC_008_dataDrivenTest_Login_with_Fillo_Data_Provider(java.lang.String, java.lang.String, java.lang.String)[pri:0, instance:app.nopcommerce.testCases.TC_008_DataDrivenTest_Login_with_Fillo_Data_Provider@343570b7]" name="TC_008_dataDrivenTest_Login_with_Fillo_Data_Provider" duration-ms="7105" started-at="2020-09-29T11:23:35 IST" data-provider="LoginData" finished-at="2020-09-29T11:23:43 IST">
          <params>
            <param index="0">
              <value>
                <![CDATA[admin@yourstore.com ]]>
              </value>
            </param>
            <param index="1">
              <value>
                <![CDATA[adm]]>
              </value>
            </param>
            <param index="2">
              <value>
                <![CDATA[Fail]]>
              </value>
            </param>
          </params>
          <reporter-output>
          </reporter-output>
        </test-method> <!-- TC_008_dataDrivenTest_Login_with_Fillo_Data_Provider -->
        <test-method status="PASS" signature="TC_008_dataDrivenTest_Login_with_Fillo_Data_Provider(java.lang.String, java.lang.String, java.lang.String)[pri:0, instance:app.nopcommerce.testCases.TC_008_DataDrivenTest_Login_with_Fillo_Data_Provider@343570b7]" name="TC_008_dataDrivenTest_Login_with_Fillo_Data_Provider" duration-ms="6981" started-at="2020-09-29T11:23:43 IST" data-provider="LoginData" finished-at="2020-09-29T11:23:50 IST">
          <params>
            <param index="0">
              <value>
                <![CDATA[adm@yourstore.com]]>
              </value>
            </param>
            <param index="1">
              <value>
                <![CDATA[admin]]>
              </value>
            </param>
            <param index="2">
              <value>
                <![CDATA[Fail]]>
              </value>
            </param>
          </params>
          <reporter-output>
          </reporter-output>
        </test-method> <!-- TC_008_dataDrivenTest_Login_with_Fillo_Data_Provider -->
        <test-method status="PASS" signature="TC_008_dataDrivenTest_Login_with_Fillo_Data_Provider(java.lang.String, java.lang.String, java.lang.String)[pri:0, instance:app.nopcommerce.testCases.TC_008_DataDrivenTest_Login_with_Fillo_Data_Provider@343570b7]" name="TC_008_dataDrivenTest_Login_with_Fillo_Data_Provider" duration-ms="6988" started-at="2020-09-29T11:23:50 IST" data-provider="LoginData" finished-at="2020-09-29T11:23:57 IST">
          <params>
            <param index="0">
              <value>
                <![CDATA[adm@yourstore.com]]>
              </value>
            </param>
            <param index="1">
              <value>
                <![CDATA[adm]]>
              </value>
            </param>
            <param index="2">
              <value>
                <![CDATA[Fail]]>
              </value>
            </param>
          </params>
          <reporter-output>
          </reporter-output>
        </test-method> <!-- TC_008_dataDrivenTest_Login_with_Fillo_Data_Provider -->
        <test-method status="PASS" signature="tearDown()[pri:0, instance:app.nopcommerce.testCases.TC_008_DataDrivenTest_Login_with_Fillo_Data_Provider@343570b7]" name="tearDown" is-config="true" duration-ms="671" started-at="2020-09-29T11:23:57 IST" finished-at="2020-09-29T11:23:57 IST">
          <reporter-output>
          </reporter-output>
        </test-method> <!-- tearDown -->
      </class> <!-- app.nopcommerce.testCases.TC_008_DataDrivenTest_Login_with_Fillo_Data_Provider -->
    </test> <!-- chromeTest -->
  </suite> <!-- nopCommerceApp -->
</testng-results>
